D:\Data\Trade\IB-API\samples\CSharp\Options\IBScanner\dist\out-tsc\app\areas\management\management.component.js
D:\Data\Trade\IB-API\samples\CSharp\Options\IBScanner\dist\out-tsc\app\areas\management\management.component.js.map
D:\Data\Trade\IB-API\samples\CSharp\Options\IBScanner\dist\out-tsc\app\components\selectors\selectors.component.js
D:\Data\Trade\IB-API\samples\CSharp\Options\IBScanner\dist\out-tsc\app\components\selectors\selectors.component.js.map
D:\Data\Trade\IB-API\samples\CSharp\Options\IBScanner\dist\out-tsc\app\components\selectors\case.component.js
D:\Data\Trade\IB-API\samples\CSharp\Options\IBScanner\dist\out-tsc\app\components\selectors\case.component.js.map
D:\Data\Trade\IB-API\samples\CSharp\Options\IBScanner\dist\out-tsc\app\services\base.service.js
D:\Data\Trade\IB-API\samples\CSharp\Options\IBScanner\dist\out-tsc\app\services\base.service.js.map
D:\Data\Trade\IB-API\samples\CSharp\Options\IBScanner\dist\out-tsc\app\services\options.service.js
D:\Data\Trade\IB-API\samples\CSharp\Options\IBScanner\dist\out-tsc\app\services\options.service.js.map
D:\Data\Trade\IB-API\samples\CSharp\Options\IBScanner\dist\out-tsc\app\components\base.component.js
D:\Data\Trade\IB-API\samples\CSharp\Options\IBScanner\dist\out-tsc\app\components\base.component.js.map
D:\Data\Trade\IB-API\samples\CSharp\Options\IBScanner\dist\out-tsc\app\components\selectors\controls\control\control.component.js
D:\Data\Trade\IB-API\samples\CSharp\Options\IBScanner\dist\out-tsc\app\components\selectors\controls\control\control.component.js.map
D:\Data\Trade\IB-API\samples\CSharp\Options\IBScanner\dist\out-tsc\app\components\selectors\controls\autocomplete\autocomplete.component.js
D:\Data\Trade\IB-API\samples\CSharp\Options\IBScanner\dist\out-tsc\app\components\selectors\controls\autocomplete\autocomplete.component.js.map
D:\Data\Trade\IB-API\samples\CSharp\Options\IBScanner\dist\out-tsc\app\components\selectors\controls\date\date.component.js
D:\Data\Trade\IB-API\samples\CSharp\Options\IBScanner\dist\out-tsc\app\components\selectors\controls\date\date.component.js.map
D:\Data\Trade\IB-API\samples\CSharp\Options\IBScanner\dist\out-tsc\app\components\selectors\controls\date-range\date-range.component.js
D:\Data\Trade\IB-API\samples\CSharp\Options\IBScanner\dist\out-tsc\app\components\selectors\controls\date-range\date-range.component.js.map
D:\Data\Trade\IB-API\samples\CSharp\Options\IBScanner\dist\out-tsc\app\components\selectors\controls\input\input.component.js
D:\Data\Trade\IB-API\samples\CSharp\Options\IBScanner\dist\out-tsc\app\components\selectors\controls\input\input.component.js.map
D:\Data\Trade\IB-API\samples\CSharp\Options\IBScanner\dist\out-tsc\app\components\selectors\controls\multiselect\multiselect.component.js
D:\Data\Trade\IB-API\samples\CSharp\Options\IBScanner\dist\out-tsc\app\components\selectors\controls\multiselect\multiselect.component.js.map
D:\Data\Trade\IB-API\samples\CSharp\Options\IBScanner\dist\out-tsc\app\components\selectors\controls\select\select.component.js
D:\Data\Trade\IB-API\samples\CSharp\Options\IBScanner\dist\out-tsc\app\components\selectors\controls\select\select.component.js.map
D:\Data\Trade\IB-API\samples\CSharp\Options\IBScanner\dist\out-tsc\app\components\selectors\selectors.module.js
D:\Data\Trade\IB-API\samples\CSharp\Options\IBScanner\dist\out-tsc\app\components\selectors\selectors.module.js.map
D:\Data\Trade\IB-API\samples\CSharp\Options\IBScanner\dist\out-tsc\app\components\components.module.js
D:\Data\Trade\IB-API\samples\CSharp\Options\IBScanner\dist\out-tsc\app\components\components.module.js.map
D:\Data\Trade\IB-API\samples\CSharp\Options\IBScanner\dist\out-tsc\app\app.routing.js
D:\Data\Trade\IB-API\samples\CSharp\Options\IBScanner\dist\out-tsc\app\app.routing.js.map
D:\Data\Trade\IB-API\samples\CSharp\Options\IBScanner\dist\out-tsc\app\app.component.js
D:\Data\Trade\IB-API\samples\CSharp\Options\IBScanner\dist\out-tsc\app\app.component.js.map
D:\Data\Trade\IB-API\samples\CSharp\Options\IBScanner\dist\out-tsc\app\services\services.module.js
D:\Data\Trade\IB-API\samples\CSharp\Options\IBScanner\dist\out-tsc\app\services\services.module.js.map
D:\Data\Trade\IB-API\samples\CSharp\Options\IBScanner\dist\out-tsc\app\areas\management\components\sidebar\sidebar.component.js
D:\Data\Trade\IB-API\samples\CSharp\Options\IBScanner\dist\out-tsc\app\areas\management\components\sidebar\sidebar.component.js.map
D:\Data\Trade\IB-API\samples\CSharp\Options\IBScanner\dist\out-tsc\app\areas\management\components\navbar\navbar.component.js
D:\Data\Trade\IB-API\samples\CSharp\Options\IBScanner\dist\out-tsc\app\areas\management\components\navbar\navbar.component.js.map
D:\Data\Trade\IB-API\samples\CSharp\Options\IBScanner\dist\out-tsc\app\areas\management\components\footer\footer.component.js
D:\Data\Trade\IB-API\samples\CSharp\Options\IBScanner\dist\out-tsc\app\areas\management\components\footer\footer.component.js.map
D:\Data\Trade\IB-API\samples\CSharp\Options\IBScanner\dist\out-tsc\app\areas\management\components\components.module.js
D:\Data\Trade\IB-API\samples\CSharp\Options\IBScanner\dist\out-tsc\app\areas\management\components\components.module.js.map
D:\Data\Trade\IB-API\samples\CSharp\Options\IBScanner\dist\out-tsc\app\app.module.js
D:\Data\Trade\IB-API\samples\CSharp\Options\IBScanner\dist\out-tsc\app\app.module.js.map
D:\Data\Trade\IB-API\samples\CSharp\Options\IBScanner\dist\out-tsc\environments\environment.js
D:\Data\Trade\IB-API\samples\CSharp\Options\IBScanner\dist\out-tsc\environments\environment.js.map
D:\Data\Trade\IB-API\samples\CSharp\Options\IBScanner\dist\out-tsc\main.js
D:\Data\Trade\IB-API\samples\CSharp\Options\IBScanner\dist\out-tsc\main.js.map
D:\Data\Trade\IB-API\samples\CSharp\Options\IBScanner\dist\out-tsc\polyfills.js
D:\Data\Trade\IB-API\samples\CSharp\Options\IBScanner\dist\out-tsc\polyfills.js.map
D:\Data\Trade\IB-API\samples\CSharp\Options\IBScanner\dist\out-tsc\test.js
D:\Data\Trade\IB-API\samples\CSharp\Options\IBScanner\dist\out-tsc\test.js.map
D:\Data\Trade\IB-API\samples\CSharp\Options\IBScanner\dist\out-tsc\environments\environment.prod.js
D:\Data\Trade\IB-API\samples\CSharp\Options\IBScanner\dist\out-tsc\environments\environment.prod.js.map
D:\Data\Trade\IB-API\samples\CSharp\Options\IBScanner\dist\out-tsc\app\areas\presentation\presentation.component.js
D:\Data\Trade\IB-API\samples\CSharp\Options\IBScanner\dist\out-tsc\app\areas\presentation\presentation.component.js.map
D:\Data\Trade\IB-API\samples\CSharp\Options\IBScanner\dist\out-tsc\app\areas\presentation\presentation.routing.js
D:\Data\Trade\IB-API\samples\CSharp\Options\IBScanner\dist\out-tsc\app\areas\presentation\presentation.routing.js.map
D:\Data\Trade\IB-API\samples\CSharp\Options\IBScanner\dist\out-tsc\app\areas\presentation\presentation.module.js
D:\Data\Trade\IB-API\samples\CSharp\Options\IBScanner\dist\out-tsc\app\areas\presentation\presentation.module.js.map
D:\Data\Trade\IB-API\samples\CSharp\Options\IBScanner\dist\out-tsc\app\areas\management\dashboard\dashboard.component.js
D:\Data\Trade\IB-API\samples\CSharp\Options\IBScanner\dist\out-tsc\app\areas\management\dashboard\dashboard.component.js.map
D:\Data\Trade\IB-API\samples\CSharp\Options\IBScanner\dist\out-tsc\app\areas\management\user-profile\user-profile.component.js
D:\Data\Trade\IB-API\samples\CSharp\Options\IBScanner\dist\out-tsc\app\areas\management\user-profile\user-profile.component.js.map
D:\Data\Trade\IB-API\samples\CSharp\Options\IBScanner\dist\out-tsc\app\areas\management\table-list\table-list.component.js
D:\Data\Trade\IB-API\samples\CSharp\Options\IBScanner\dist\out-tsc\app\areas\management\table-list\table-list.component.js.map
D:\Data\Trade\IB-API\samples\CSharp\Options\IBScanner\dist\out-tsc\app\areas\management\options\options.component.js
D:\Data\Trade\IB-API\samples\CSharp\Options\IBScanner\dist\out-tsc\app\areas\management\options\options.component.js.map
D:\Data\Trade\IB-API\samples\CSharp\Options\IBScanner\dist\out-tsc\app\areas\management\stocks\stocks.component.js
D:\Data\Trade\IB-API\samples\CSharp\Options\IBScanner\dist\out-tsc\app\areas\management\stocks\stocks.component.js.map
D:\Data\Trade\IB-API\samples\CSharp\Options\IBScanner\dist\out-tsc\app\areas\management\typography\typography.component.js
D:\Data\Trade\IB-API\samples\CSharp\Options\IBScanner\dist\out-tsc\app\areas\management\typography\typography.component.js.map
D:\Data\Trade\IB-API\samples\CSharp\Options\IBScanner\dist\out-tsc\app\areas\management\icons\icons.component.js
D:\Data\Trade\IB-API\samples\CSharp\Options\IBScanner\dist\out-tsc\app\areas\management\icons\icons.component.js.map
D:\Data\Trade\IB-API\samples\CSharp\Options\IBScanner\dist\out-tsc\app\areas\management\notifications\notifications.component.js
D:\Data\Trade\IB-API\samples\CSharp\Options\IBScanner\dist\out-tsc\app\areas\management\notifications\notifications.component.js.map
D:\Data\Trade\IB-API\samples\CSharp\Options\IBScanner\dist\out-tsc\app\areas\management\management.routing.js
D:\Data\Trade\IB-API\samples\CSharp\Options\IBScanner\dist\out-tsc\app\areas\management\management.routing.js.map
D:\Data\Trade\IB-API\samples\CSharp\Options\IBScanner\dist\out-tsc\app\areas\management\management.module.js
D:\Data\Trade\IB-API\samples\CSharp\Options\IBScanner\dist\out-tsc\app\areas\management\management.module.js.map
D:\Data\Trade\IB-API\samples\CSharp\Options\IBScanner\dist\out-tsc\app\areas\management\maps\maps.component.js
D:\Data\Trade\IB-API\samples\CSharp\Options\IBScanner\dist\out-tsc\app\areas\management\maps\maps.component.js.map
D:\Data\Trade\IB-API\samples\CSharp\Options\IBScanner\dist\out-tsc\app\areas\management\management.component.js
D:\Data\Trade\IB-API\samples\CSharp\Options\IBScanner\dist\out-tsc\app\areas\management\management.component.js.map
D:\Data\Trade\IB-API\samples\CSharp\Options\IBScanner\dist\out-tsc\app\components\selectors\selectors.component.js
D:\Data\Trade\IB-API\samples\CSharp\Options\IBScanner\dist\out-tsc\app\components\selectors\selectors.component.js.map
D:\Data\Trade\IB-API\samples\CSharp\Options\IBScanner\dist\out-tsc\app\components\selectors\case.component.js
D:\Data\Trade\IB-API\samples\CSharp\Options\IBScanner\dist\out-tsc\app\components\selectors\case.component.js.map
D:\Data\Trade\IB-API\samples\CSharp\Options\IBScanner\dist\out-tsc\app\services\base.service.js
D:\Data\Trade\IB-API\samples\CSharp\Options\IBScanner\dist\out-tsc\app\services\base.service.js.map
D:\Data\Trade\IB-API\samples\CSharp\Options\IBScanner\dist\out-tsc\app\services\options.service.js
D:\Data\Trade\IB-API\samples\CSharp\Options\IBScanner\dist\out-tsc\app\services\options.service.js.map
D:\Data\Trade\IB-API\samples\CSharp\Options\IBScanner\dist\out-tsc\app\components\base.component.js
D:\Data\Trade\IB-API\samples\CSharp\Options\IBScanner\dist\out-tsc\app\components\base.component.js.map
D:\Data\Trade\IB-API\samples\CSharp\Options\IBScanner\dist\out-tsc\app\components\selectors\controls\control\control.component.js
D:\Data\Trade\IB-API\samples\CSharp\Options\IBScanner\dist\out-tsc\app\components\selectors\controls\control\control.component.js.map
D:\Data\Trade\IB-API\samples\CSharp\Options\IBScanner\dist\out-tsc\app\components\selectors\controls\autocomplete\autocomplete.component.js
D:\Data\Trade\IB-API\samples\CSharp\Options\IBScanner\dist\out-tsc\app\components\selectors\controls\autocomplete\autocomplete.component.js.map
D:\Data\Trade\IB-API\samples\CSharp\Options\IBScanner\dist\out-tsc\app\components\selectors\controls\date\date.component.js
D:\Data\Trade\IB-API\samples\CSharp\Options\IBScanner\dist\out-tsc\app\components\selectors\controls\date\date.component.js.map
D:\Data\Trade\IB-API\samples\CSharp\Options\IBScanner\dist\out-tsc\app\components\selectors\controls\date-range\date-range.component.js
D:\Data\Trade\IB-API\samples\CSharp\Options\IBScanner\dist\out-tsc\app\components\selectors\controls\date-range\date-range.component.js.map
D:\Data\Trade\IB-API\samples\CSharp\Options\IBScanner\dist\out-tsc\app\components\selectors\controls\input\input.component.js
D:\Data\Trade\IB-API\samples\CSharp\Options\IBScanner\dist\out-tsc\app\components\selectors\controls\input\input.component.js.map
D:\Data\Trade\IB-API\samples\CSharp\Options\IBScanner\dist\out-tsc\app\components\selectors\controls\multiselect\multiselect.component.js
D:\Data\Trade\IB-API\samples\CSharp\Options\IBScanner\dist\out-tsc\app\components\selectors\controls\multiselect\multiselect.component.js.map
D:\Data\Trade\IB-API\samples\CSharp\Options\IBScanner\dist\out-tsc\app\components\selectors\controls\select\select.component.js
D:\Data\Trade\IB-API\samples\CSharp\Options\IBScanner\dist\out-tsc\app\components\selectors\controls\select\select.component.js.map
D:\Data\Trade\IB-API\samples\CSharp\Options\IBScanner\dist\out-tsc\app\components\selectors\selectors.module.js
D:\Data\Trade\IB-API\samples\CSharp\Options\IBScanner\dist\out-tsc\app\components\selectors\selectors.module.js.map
D:\Data\Trade\IB-API\samples\CSharp\Options\IBScanner\dist\out-tsc\app\components\components.module.js
D:\Data\Trade\IB-API\samples\CSharp\Options\IBScanner\dist\out-tsc\app\components\components.module.js.map
D:\Data\Trade\IB-API\samples\CSharp\Options\IBScanner\dist\out-tsc\app\app.routing.js
D:\Data\Trade\IB-API\samples\CSharp\Options\IBScanner\dist\out-tsc\app\app.routing.js.map
D:\Data\Trade\IB-API\samples\CSharp\Options\IBScanner\dist\out-tsc\app\app.component.js
D:\Data\Trade\IB-API\samples\CSharp\Options\IBScanner\dist\out-tsc\app\app.component.js.map
D:\Data\Trade\IB-API\samples\CSharp\Options\IBScanner\dist\out-tsc\app\services\services.module.js
D:\Data\Trade\IB-API\samples\CSharp\Options\IBScanner\dist\out-tsc\app\services\services.module.js.map
D:\Data\Trade\IB-API\samples\CSharp\Options\IBScanner\dist\out-tsc\app\areas\management\components\sidebar\sidebar.component.js
D:\Data\Trade\IB-API\samples\CSharp\Options\IBScanner\dist\out-tsc\app\areas\management\components\sidebar\sidebar.component.js.map
D:\Data\Trade\IB-API\samples\CSharp\Options\IBScanner\dist\out-tsc\app\areas\management\components\navbar\navbar.component.js
D:\Data\Trade\IB-API\samples\CSharp\Options\IBScanner\dist\out-tsc\app\areas\management\components\navbar\navbar.component.js.map
D:\Data\Trade\IB-API\samples\CSharp\Options\IBScanner\dist\out-tsc\app\areas\management\components\footer\footer.component.js
D:\Data\Trade\IB-API\samples\CSharp\Options\IBScanner\dist\out-tsc\app\areas\management\components\footer\footer.component.js.map
D:\Data\Trade\IB-API\samples\CSharp\Options\IBScanner\dist\out-tsc\app\areas\management\components\components.module.js
D:\Data\Trade\IB-API\samples\CSharp\Options\IBScanner\dist\out-tsc\app\areas\management\components\components.module.js.map
D:\Data\Trade\IB-API\samples\CSharp\Options\IBScanner\dist\out-tsc\app\app.module.js
D:\Data\Trade\IB-API\samples\CSharp\Options\IBScanner\dist\out-tsc\app\app.module.js.map
D:\Data\Trade\IB-API\samples\CSharp\Options\IBScanner\dist\out-tsc\environments\environment.js
D:\Data\Trade\IB-API\samples\CSharp\Options\IBScanner\dist\out-tsc\environments\environment.js.map
D:\Data\Trade\IB-API\samples\CSharp\Options\IBScanner\dist\out-tsc\main.js
D:\Data\Trade\IB-API\samples\CSharp\Options\IBScanner\dist\out-tsc\main.js.map
D:\Data\Trade\IB-API\samples\CSharp\Options\IBScanner\dist\out-tsc\polyfills.js
D:\Data\Trade\IB-API\samples\CSharp\Options\IBScanner\dist\out-tsc\polyfills.js.map
D:\Data\Trade\IB-API\samples\CSharp\Options\IBScanner\dist\out-tsc\test.js
D:\Data\Trade\IB-API\samples\CSharp\Options\IBScanner\dist\out-tsc\test.js.map
D:\Data\Trade\IB-API\samples\CSharp\Options\IBScanner\dist\out-tsc\environments\environment.prod.js
D:\Data\Trade\IB-API\samples\CSharp\Options\IBScanner\dist\out-tsc\environments\environment.prod.js.map
D:\Data\Trade\IB-API\samples\CSharp\Options\IBScanner\dist\out-tsc\app\areas\presentation\presentation.component.js
D:\Data\Trade\IB-API\samples\CSharp\Options\IBScanner\dist\out-tsc\app\areas\presentation\presentation.component.js.map
D:\Data\Trade\IB-API\samples\CSharp\Options\IBScanner\dist\out-tsc\app\areas\presentation\presentation.routing.js
D:\Data\Trade\IB-API\samples\CSharp\Options\IBScanner\dist\out-tsc\app\areas\presentation\presentation.routing.js.map
D:\Data\Trade\IB-API\samples\CSharp\Options\IBScanner\dist\out-tsc\app\areas\presentation\presentation.module.js
D:\Data\Trade\IB-API\samples\CSharp\Options\IBScanner\dist\out-tsc\app\areas\presentation\presentation.module.js.map
D:\Data\Trade\IB-API\samples\CSharp\Options\IBScanner\dist\out-tsc\app\areas\management\dashboard\dashboard.component.js
D:\Data\Trade\IB-API\samples\CSharp\Options\IBScanner\dist\out-tsc\app\areas\management\dashboard\dashboard.component.js.map
D:\Data\Trade\IB-API\samples\CSharp\Options\IBScanner\dist\out-tsc\app\areas\management\user-profile\user-profile.component.js
D:\Data\Trade\IB-API\samples\CSharp\Options\IBScanner\dist\out-tsc\app\areas\management\user-profile\user-profile.component.js.map
D:\Data\Trade\IB-API\samples\CSharp\Options\IBScanner\dist\out-tsc\app\areas\management\table-list\table-list.component.js
D:\Data\Trade\IB-API\samples\CSharp\Options\IBScanner\dist\out-tsc\app\areas\management\table-list\table-list.component.js.map
D:\Data\Trade\IB-API\samples\CSharp\Options\IBScanner\dist\out-tsc\app\areas\management\options\options.component.js
D:\Data\Trade\IB-API\samples\CSharp\Options\IBScanner\dist\out-tsc\app\areas\management\options\options.component.js.map
D:\Data\Trade\IB-API\samples\CSharp\Options\IBScanner\dist\out-tsc\app\areas\management\stocks\stocks.component.js
D:\Data\Trade\IB-API\samples\CSharp\Options\IBScanner\dist\out-tsc\app\areas\management\stocks\stocks.component.js.map
D:\Data\Trade\IB-API\samples\CSharp\Options\IBScanner\dist\out-tsc\app\areas\management\typography\typography.component.js
D:\Data\Trade\IB-API\samples\CSharp\Options\IBScanner\dist\out-tsc\app\areas\management\typography\typography.component.js.map
D:\Data\Trade\IB-API\samples\CSharp\Options\IBScanner\dist\out-tsc\app\areas\management\icons\icons.component.js
D:\Data\Trade\IB-API\samples\CSharp\Options\IBScanner\dist\out-tsc\app\areas\management\icons\icons.component.js.map
D:\Data\Trade\IB-API\samples\CSharp\Options\IBScanner\dist\out-tsc\app\areas\management\notifications\notifications.component.js
D:\Data\Trade\IB-API\samples\CSharp\Options\IBScanner\dist\out-tsc\app\areas\management\notifications\notifications.component.js.map
D:\Data\Trade\IB-API\samples\CSharp\Options\IBScanner\dist\out-tsc\app\areas\management\management.routing.js
D:\Data\Trade\IB-API\samples\CSharp\Options\IBScanner\dist\out-tsc\app\areas\management\management.routing.js.map
D:\Data\Trade\IB-API\samples\CSharp\Options\IBScanner\dist\out-tsc\app\areas\management\management.module.js
D:\Data\Trade\IB-API\samples\CSharp\Options\IBScanner\dist\out-tsc\app\areas\management\management.module.js.map
D:\Data\Trade\IB-API\samples\CSharp\Options\IBScanner\dist\out-tsc\app\areas\management\maps\maps.component.js
D:\Data\Trade\IB-API\samples\CSharp\Options\IBScanner\dist\out-tsc\app\areas\management\maps\maps.component.js.map
D:\Data\Trade\IB-API\samples\CSharp\Options\IBScanner\dist\out-tsc\app\areas\management\management.component.js
D:\Data\Trade\IB-API\samples\CSharp\Options\IBScanner\dist\out-tsc\app\areas\management\management.component.js.map
D:\Data\Trade\IB-API\samples\CSharp\Options\IBScanner\dist\out-tsc\app\components\selectors\selectors.component.js
D:\Data\Trade\IB-API\samples\CSharp\Options\IBScanner\dist\out-tsc\app\components\selectors\selectors.component.js.map
D:\Data\Trade\IB-API\samples\CSharp\Options\IBScanner\dist\out-tsc\app\components\selectors\case.component.js
D:\Data\Trade\IB-API\samples\CSharp\Options\IBScanner\dist\out-tsc\app\components\selectors\case.component.js.map
D:\Data\Trade\IB-API\samples\CSharp\Options\IBScanner\dist\out-tsc\app\services\base.service.js
D:\Data\Trade\IB-API\samples\CSharp\Options\IBScanner\dist\out-tsc\app\services\base.service.js.map
D:\Data\Trade\IB-API\samples\CSharp\Options\IBScanner\dist\out-tsc\app\services\options.service.js
D:\Data\Trade\IB-API\samples\CSharp\Options\IBScanner\dist\out-tsc\app\services\options.service.js.map
D:\Data\Trade\IB-API\samples\CSharp\Options\IBScanner\dist\out-tsc\app\components\base.component.js
D:\Data\Trade\IB-API\samples\CSharp\Options\IBScanner\dist\out-tsc\app\components\base.component.js.map
D:\Data\Trade\IB-API\samples\CSharp\Options\IBScanner\dist\out-tsc\app\components\selectors\controls\control\control.component.js
D:\Data\Trade\IB-API\samples\CSharp\Options\IBScanner\dist\out-tsc\app\components\selectors\controls\control\control.component.js.map
D:\Data\Trade\IB-API\samples\CSharp\Options\IBScanner\dist\out-tsc\app\components\selectors\controls\autocomplete\autocomplete.component.js
D:\Data\Trade\IB-API\samples\CSharp\Options\IBScanner\dist\out-tsc\app\components\selectors\controls\autocomplete\autocomplete.component.js.map
D:\Data\Trade\IB-API\samples\CSharp\Options\IBScanner\dist\out-tsc\app\components\selectors\controls\date\date.component.js
D:\Data\Trade\IB-API\samples\CSharp\Options\IBScanner\dist\out-tsc\app\components\selectors\controls\date\date.component.js.map
D:\Data\Trade\IB-API\samples\CSharp\Options\IBScanner\dist\out-tsc\app\components\selectors\controls\date-range\date-range.component.js
D:\Data\Trade\IB-API\samples\CSharp\Options\IBScanner\dist\out-tsc\app\components\selectors\controls\date-range\date-range.component.js.map
D:\Data\Trade\IB-API\samples\CSharp\Options\IBScanner\dist\out-tsc\app\components\selectors\controls\input\input.component.js
D:\Data\Trade\IB-API\samples\CSharp\Options\IBScanner\dist\out-tsc\app\components\selectors\controls\input\input.component.js.map
D:\Data\Trade\IB-API\samples\CSharp\Options\IBScanner\dist\out-tsc\app\components\selectors\controls\multiselect\multiselect.component.js
D:\Data\Trade\IB-API\samples\CSharp\Options\IBScanner\dist\out-tsc\app\components\selectors\controls\multiselect\multiselect.component.js.map
D:\Data\Trade\IB-API\samples\CSharp\Options\IBScanner\dist\out-tsc\app\components\selectors\controls\select\select.component.js
D:\Data\Trade\IB-API\samples\CSharp\Options\IBScanner\dist\out-tsc\app\components\selectors\controls\select\select.component.js.map
D:\Data\Trade\IB-API\samples\CSharp\Options\IBScanner\dist\out-tsc\app\components\selectors\selectors.module.js
D:\Data\Trade\IB-API\samples\CSharp\Options\IBScanner\dist\out-tsc\app\components\selectors\selectors.module.js.map
D:\Data\Trade\IB-API\samples\CSharp\Options\IBScanner\dist\out-tsc\app\components\components.module.js
D:\Data\Trade\IB-API\samples\CSharp\Options\IBScanner\dist\out-tsc\app\components\components.module.js.map
D:\Data\Trade\IB-API\samples\CSharp\Options\IBScanner\dist\out-tsc\app\app.routing.js
D:\Data\Trade\IB-API\samples\CSharp\Options\IBScanner\dist\out-tsc\app\app.routing.js.map
D:\Data\Trade\IB-API\samples\CSharp\Options\IBScanner\dist\out-tsc\app\app.component.js
D:\Data\Trade\IB-API\samples\CSharp\Options\IBScanner\dist\out-tsc\app\app.component.js.map
D:\Data\Trade\IB-API\samples\CSharp\Options\IBScanner\dist\out-tsc\app\services\services.module.js
D:\Data\Trade\IB-API\samples\CSharp\Options\IBScanner\dist\out-tsc\app\services\services.module.js.map
D:\Data\Trade\IB-API\samples\CSharp\Options\IBScanner\dist\out-tsc\app\areas\management\components\sidebar\sidebar.component.js
D:\Data\Trade\IB-API\samples\CSharp\Options\IBScanner\dist\out-tsc\app\areas\management\components\sidebar\sidebar.component.js.map
D:\Data\Trade\IB-API\samples\CSharp\Options\IBScanner\dist\out-tsc\app\areas\management\components\navbar\navbar.component.js
D:\Data\Trade\IB-API\samples\CSharp\Options\IBScanner\dist\out-tsc\app\areas\management\components\navbar\navbar.component.js.map
D:\Data\Trade\IB-API\samples\CSharp\Options\IBScanner\dist\out-tsc\app\areas\management\components\footer\footer.component.js
D:\Data\Trade\IB-API\samples\CSharp\Options\IBScanner\dist\out-tsc\app\areas\management\components\footer\footer.component.js.map
D:\Data\Trade\IB-API\samples\CSharp\Options\IBScanner\dist\out-tsc\app\areas\management\components\components.module.js
D:\Data\Trade\IB-API\samples\CSharp\Options\IBScanner\dist\out-tsc\app\areas\management\components\components.module.js.map
D:\Data\Trade\IB-API\samples\CSharp\Options\IBScanner\dist\out-tsc\app\app.module.js
D:\Data\Trade\IB-API\samples\CSharp\Options\IBScanner\dist\out-tsc\app\app.module.js.map
D:\Data\Trade\IB-API\samples\CSharp\Options\IBScanner\dist\out-tsc\environments\environment.js
D:\Data\Trade\IB-API\samples\CSharp\Options\IBScanner\dist\out-tsc\environments\environment.js.map
D:\Data\Trade\IB-API\samples\CSharp\Options\IBScanner\dist\out-tsc\main.js
D:\Data\Trade\IB-API\samples\CSharp\Options\IBScanner\dist\out-tsc\main.js.map
D:\Data\Trade\IB-API\samples\CSharp\Options\IBScanner\dist\out-tsc\polyfills.js
D:\Data\Trade\IB-API\samples\CSharp\Options\IBScanner\dist\out-tsc\polyfills.js.map
D:\Data\Trade\IB-API\samples\CSharp\Options\IBScanner\dist\out-tsc\test.js
D:\Data\Trade\IB-API\samples\CSharp\Options\IBScanner\dist\out-tsc\test.js.map
D:\Data\Trade\IB-API\samples\CSharp\Options\IBScanner\dist\out-tsc\environments\environment.prod.js
D:\Data\Trade\IB-API\samples\CSharp\Options\IBScanner\dist\out-tsc\environments\environment.prod.js.map
D:\Data\Trade\IB-API\samples\CSharp\Options\IBScanner\dist\out-tsc\app\areas\presentation\presentation.component.js
D:\Data\Trade\IB-API\samples\CSharp\Options\IBScanner\dist\out-tsc\app\areas\presentation\presentation.component.js.map
D:\Data\Trade\IB-API\samples\CSharp\Options\IBScanner\dist\out-tsc\app\areas\presentation\presentation.routing.js
D:\Data\Trade\IB-API\samples\CSharp\Options\IBScanner\dist\out-tsc\app\areas\presentation\presentation.routing.js.map
D:\Data\Trade\IB-API\samples\CSharp\Options\IBScanner\dist\out-tsc\app\areas\presentation\presentation.module.js
D:\Data\Trade\IB-API\samples\CSharp\Options\IBScanner\dist\out-tsc\app\areas\presentation\presentation.module.js.map
D:\Data\Trade\IB-API\samples\CSharp\Options\IBScanner\dist\out-tsc\app\areas\management\dashboard\dashboard.component.js
D:\Data\Trade\IB-API\samples\CSharp\Options\IBScanner\dist\out-tsc\app\areas\management\dashboard\dashboard.component.js.map
D:\Data\Trade\IB-API\samples\CSharp\Options\IBScanner\dist\out-tsc\app\areas\management\user-profile\user-profile.component.js
D:\Data\Trade\IB-API\samples\CSharp\Options\IBScanner\dist\out-tsc\app\areas\management\user-profile\user-profile.component.js.map
D:\Data\Trade\IB-API\samples\CSharp\Options\IBScanner\dist\out-tsc\app\areas\management\table-list\table-list.component.js
D:\Data\Trade\IB-API\samples\CSharp\Options\IBScanner\dist\out-tsc\app\areas\management\table-list\table-list.component.js.map
D:\Data\Trade\IB-API\samples\CSharp\Options\IBScanner\dist\out-tsc\app\areas\management\options\options.component.js
D:\Data\Trade\IB-API\samples\CSharp\Options\IBScanner\dist\out-tsc\app\areas\management\options\options.component.js.map
D:\Data\Trade\IB-API\samples\CSharp\Options\IBScanner\dist\out-tsc\app\areas\management\stocks\stocks.component.js
D:\Data\Trade\IB-API\samples\CSharp\Options\IBScanner\dist\out-tsc\app\areas\management\stocks\stocks.component.js.map
D:\Data\Trade\IB-API\samples\CSharp\Options\IBScanner\dist\out-tsc\app\areas\management\typography\typography.component.js
D:\Data\Trade\IB-API\samples\CSharp\Options\IBScanner\dist\out-tsc\app\areas\management\typography\typography.component.js.map
D:\Data\Trade\IB-API\samples\CSharp\Options\IBScanner\dist\out-tsc\app\areas\management\icons\icons.component.js
D:\Data\Trade\IB-API\samples\CSharp\Options\IBScanner\dist\out-tsc\app\areas\management\icons\icons.component.js.map
D:\Data\Trade\IB-API\samples\CSharp\Options\IBScanner\dist\out-tsc\app\areas\management\notifications\notifications.component.js
D:\Data\Trade\IB-API\samples\CSharp\Options\IBScanner\dist\out-tsc\app\areas\management\notifications\notifications.component.js.map
D:\Data\Trade\IB-API\samples\CSharp\Options\IBScanner\dist\out-tsc\app\areas\management\management.routing.js
D:\Data\Trade\IB-API\samples\CSharp\Options\IBScanner\dist\out-tsc\app\areas\management\management.routing.js.map
D:\Data\Trade\IB-API\samples\CSharp\Options\IBScanner\dist\out-tsc\app\areas\management\management.module.js
D:\Data\Trade\IB-API\samples\CSharp\Options\IBScanner\dist\out-tsc\app\areas\management\management.module.js.map
D:\Data\Trade\IB-API\samples\CSharp\Options\IBScanner\dist\out-tsc\app\areas\management\maps\maps.component.js
D:\Data\Trade\IB-API\samples\CSharp\Options\IBScanner\dist\out-tsc\app\areas\management\maps\maps.component.js.map
D:\Data\Trade\IB-API\samples\CSharp\Options\IBScanner\dist\out-tsc\app\areas\management\management.component.js
D:\Data\Trade\IB-API\samples\CSharp\Options\IBScanner\dist\out-tsc\app\areas\management\management.component.js.map
D:\Data\Trade\IB-API\samples\CSharp\Options\IBScanner\dist\out-tsc\app\components\selectors\selectors.component.js
D:\Data\Trade\IB-API\samples\CSharp\Options\IBScanner\dist\out-tsc\app\components\selectors\selectors.component.js.map
D:\Data\Trade\IB-API\samples\CSharp\Options\IBScanner\dist\out-tsc\app\components\selectors\case.component.js
D:\Data\Trade\IB-API\samples\CSharp\Options\IBScanner\dist\out-tsc\app\components\selectors\case.component.js.map
D:\Data\Trade\IB-API\samples\CSharp\Options\IBScanner\dist\out-tsc\app\services\base.service.js
D:\Data\Trade\IB-API\samples\CSharp\Options\IBScanner\dist\out-tsc\app\services\base.service.js.map
D:\Data\Trade\IB-API\samples\CSharp\Options\IBScanner\dist\out-tsc\app\services\options.service.js
D:\Data\Trade\IB-API\samples\CSharp\Options\IBScanner\dist\out-tsc\app\services\options.service.js.map
D:\Data\Trade\IB-API\samples\CSharp\Options\IBScanner\dist\out-tsc\app\components\base.component.js
D:\Data\Trade\IB-API\samples\CSharp\Options\IBScanner\dist\out-tsc\app\components\base.component.js.map
D:\Data\Trade\IB-API\samples\CSharp\Options\IBScanner\dist\out-tsc\app\components\selectors\controls\control\control.component.js
D:\Data\Trade\IB-API\samples\CSharp\Options\IBScanner\dist\out-tsc\app\components\selectors\controls\control\control.component.js.map
D:\Data\Trade\IB-API\samples\CSharp\Options\IBScanner\dist\out-tsc\app\components\selectors\controls\autocomplete\autocomplete.component.js
D:\Data\Trade\IB-API\samples\CSharp\Options\IBScanner\dist\out-tsc\app\components\selectors\controls\autocomplete\autocomplete.component.js.map
D:\Data\Trade\IB-API\samples\CSharp\Options\IBScanner\dist\out-tsc\app\components\selectors\controls\date\date.component.js
D:\Data\Trade\IB-API\samples\CSharp\Options\IBScanner\dist\out-tsc\app\components\selectors\controls\date\date.component.js.map
D:\Data\Trade\IB-API\samples\CSharp\Options\IBScanner\dist\out-tsc\app\components\selectors\controls\date-range\date-range.component.js
D:\Data\Trade\IB-API\samples\CSharp\Options\IBScanner\dist\out-tsc\app\components\selectors\controls\date-range\date-range.component.js.map
D:\Data\Trade\IB-API\samples\CSharp\Options\IBScanner\dist\out-tsc\app\components\selectors\controls\input\input.component.js
D:\Data\Trade\IB-API\samples\CSharp\Options\IBScanner\dist\out-tsc\app\components\selectors\controls\input\input.component.js.map
D:\Data\Trade\IB-API\samples\CSharp\Options\IBScanner\dist\out-tsc\app\components\selectors\controls\multiselect\multiselect.component.js
D:\Data\Trade\IB-API\samples\CSharp\Options\IBScanner\dist\out-tsc\app\components\selectors\controls\multiselect\multiselect.component.js.map
D:\Data\Trade\IB-API\samples\CSharp\Options\IBScanner\dist\out-tsc\app\components\selectors\controls\select\select.component.js
D:\Data\Trade\IB-API\samples\CSharp\Options\IBScanner\dist\out-tsc\app\components\selectors\controls\select\select.component.js.map
D:\Data\Trade\IB-API\samples\CSharp\Options\IBScanner\dist\out-tsc\app\components\selectors\selectors.module.js
D:\Data\Trade\IB-API\samples\CSharp\Options\IBScanner\dist\out-tsc\app\components\selectors\selectors.module.js.map
D:\Data\Trade\IB-API\samples\CSharp\Options\IBScanner\dist\out-tsc\app\components\components.module.js
D:\Data\Trade\IB-API\samples\CSharp\Options\IBScanner\dist\out-tsc\app\components\components.module.js.map
D:\Data\Trade\IB-API\samples\CSharp\Options\IBScanner\dist\out-tsc\app\app.routing.js
D:\Data\Trade\IB-API\samples\CSharp\Options\IBScanner\dist\out-tsc\app\app.routing.js.map
D:\Data\Trade\IB-API\samples\CSharp\Options\IBScanner\dist\out-tsc\app\app.component.js
D:\Data\Trade\IB-API\samples\CSharp\Options\IBScanner\dist\out-tsc\app\app.component.js.map
D:\Data\Trade\IB-API\samples\CSharp\Options\IBScanner\dist\out-tsc\app\services\services.module.js
D:\Data\Trade\IB-API\samples\CSharp\Options\IBScanner\dist\out-tsc\app\services\services.module.js.map
D:\Data\Trade\IB-API\samples\CSharp\Options\IBScanner\dist\out-tsc\app\areas\management\components\sidebar\sidebar.component.js
D:\Data\Trade\IB-API\samples\CSharp\Options\IBScanner\dist\out-tsc\app\areas\management\components\sidebar\sidebar.component.js.map
D:\Data\Trade\IB-API\samples\CSharp\Options\IBScanner\dist\out-tsc\app\areas\management\components\navbar\navbar.component.js
D:\Data\Trade\IB-API\samples\CSharp\Options\IBScanner\dist\out-tsc\app\areas\management\components\navbar\navbar.component.js.map
D:\Data\Trade\IB-API\samples\CSharp\Options\IBScanner\dist\out-tsc\app\areas\management\components\footer\footer.component.js
D:\Data\Trade\IB-API\samples\CSharp\Options\IBScanner\dist\out-tsc\app\areas\management\components\footer\footer.component.js.map
D:\Data\Trade\IB-API\samples\CSharp\Options\IBScanner\dist\out-tsc\app\areas\management\components\components.module.js
D:\Data\Trade\IB-API\samples\CSharp\Options\IBScanner\dist\out-tsc\app\areas\management\components\components.module.js.map
D:\Data\Trade\IB-API\samples\CSharp\Options\IBScanner\dist\out-tsc\app\app.module.js
D:\Data\Trade\IB-API\samples\CSharp\Options\IBScanner\dist\out-tsc\app\app.module.js.map
D:\Data\Trade\IB-API\samples\CSharp\Options\IBScanner\dist\out-tsc\environments\environment.js
D:\Data\Trade\IB-API\samples\CSharp\Options\IBScanner\dist\out-tsc\environments\environment.js.map
D:\Data\Trade\IB-API\samples\CSharp\Options\IBScanner\dist\out-tsc\main.js
D:\Data\Trade\IB-API\samples\CSharp\Options\IBScanner\dist\out-tsc\main.js.map
D:\Data\Trade\IB-API\samples\CSharp\Options\IBScanner\dist\out-tsc\polyfills.js
D:\Data\Trade\IB-API\samples\CSharp\Options\IBScanner\dist\out-tsc\polyfills.js.map
D:\Data\Trade\IB-API\samples\CSharp\Options\IBScanner\dist\out-tsc\test.js
D:\Data\Trade\IB-API\samples\CSharp\Options\IBScanner\dist\out-tsc\test.js.map
D:\Data\Trade\IB-API\samples\CSharp\Options\IBScanner\dist\out-tsc\environments\environment.prod.js
D:\Data\Trade\IB-API\samples\CSharp\Options\IBScanner\dist\out-tsc\environments\environment.prod.js.map
D:\Data\Trade\IB-API\samples\CSharp\Options\IBScanner\dist\out-tsc\app\areas\presentation\presentation.component.js
D:\Data\Trade\IB-API\samples\CSharp\Options\IBScanner\dist\out-tsc\app\areas\presentation\presentation.component.js.map
D:\Data\Trade\IB-API\samples\CSharp\Options\IBScanner\dist\out-tsc\app\areas\presentation\presentation.routing.js
D:\Data\Trade\IB-API\samples\CSharp\Options\IBScanner\dist\out-tsc\app\areas\presentation\presentation.routing.js.map
D:\Data\Trade\IB-API\samples\CSharp\Options\IBScanner\dist\out-tsc\app\areas\presentation\presentation.module.js
D:\Data\Trade\IB-API\samples\CSharp\Options\IBScanner\dist\out-tsc\app\areas\presentation\presentation.module.js.map
D:\Data\Trade\IB-API\samples\CSharp\Options\IBScanner\dist\out-tsc\app\areas\management\dashboard\dashboard.component.js
D:\Data\Trade\IB-API\samples\CSharp\Options\IBScanner\dist\out-tsc\app\areas\management\dashboard\dashboard.component.js.map
D:\Data\Trade\IB-API\samples\CSharp\Options\IBScanner\dist\out-tsc\app\areas\management\user-profile\user-profile.component.js
D:\Data\Trade\IB-API\samples\CSharp\Options\IBScanner\dist\out-tsc\app\areas\management\user-profile\user-profile.component.js.map
D:\Data\Trade\IB-API\samples\CSharp\Options\IBScanner\dist\out-tsc\app\areas\management\table-list\table-list.component.js
D:\Data\Trade\IB-API\samples\CSharp\Options\IBScanner\dist\out-tsc\app\areas\management\table-list\table-list.component.js.map
D:\Data\Trade\IB-API\samples\CSharp\Options\IBScanner\dist\out-tsc\app\areas\management\options\options.component.js
D:\Data\Trade\IB-API\samples\CSharp\Options\IBScanner\dist\out-tsc\app\areas\management\options\options.component.js.map
D:\Data\Trade\IB-API\samples\CSharp\Options\IBScanner\dist\out-tsc\app\areas\management\stocks\stocks.component.js
D:\Data\Trade\IB-API\samples\CSharp\Options\IBScanner\dist\out-tsc\app\areas\management\stocks\stocks.component.js.map
D:\Data\Trade\IB-API\samples\CSharp\Options\IBScanner\dist\out-tsc\app\areas\management\typography\typography.component.js
D:\Data\Trade\IB-API\samples\CSharp\Options\IBScanner\dist\out-tsc\app\areas\management\typography\typography.component.js.map
D:\Data\Trade\IB-API\samples\CSharp\Options\IBScanner\dist\out-tsc\app\areas\management\icons\icons.component.js
D:\Data\Trade\IB-API\samples\CSharp\Options\IBScanner\dist\out-tsc\app\areas\management\icons\icons.component.js.map
D:\Data\Trade\IB-API\samples\CSharp\Options\IBScanner\dist\out-tsc\app\areas\management\notifications\notifications.component.js
D:\Data\Trade\IB-API\samples\CSharp\Options\IBScanner\dist\out-tsc\app\areas\management\notifications\notifications.component.js.map
D:\Data\Trade\IB-API\samples\CSharp\Options\IBScanner\dist\out-tsc\app\areas\management\management.routing.js
D:\Data\Trade\IB-API\samples\CSharp\Options\IBScanner\dist\out-tsc\app\areas\management\management.routing.js.map
D:\Data\Trade\IB-API\samples\CSharp\Options\IBScanner\dist\out-tsc\app\areas\management\management.module.js
D:\Data\Trade\IB-API\samples\CSharp\Options\IBScanner\dist\out-tsc\app\areas\management\management.module.js.map
D:\Data\Trade\IB-API\samples\CSharp\Options\IBScanner\dist\out-tsc\app\areas\management\maps\maps.component.js
D:\Data\Trade\IB-API\samples\CSharp\Options\IBScanner\dist\out-tsc\app\areas\management\maps\maps.component.js.map
